<?xml version='1.0' encoding='UTF-8'?>
<testsuite hostname="LAPTOP-UC3D8OO3" name="TestChecksumSingle" tests="40" errors="0" failures="0" skipped="0" time="3.94" timestamp="2023-11-17T15:14:26">
          <properties>
      <property name="jline.esc.timeout" value="0"/><property name="java.runtime.name" value="OpenJDK Runtime Environment"/><property name="sun.boot.library.path" value="C:\Users\ASUS\AppData\Local\Coursier\cache\arc\https\github.com\AdoptOpenJDK\openjdk8-binaries\releases\download\jdk8u292-b10\OpenJDK8U-jdk_x64_windows_hotspot_8u292b10.zip\jdk8u292-b10\jre\bin"/><property name="java.vm.version" value="25.292-b10"/><property name="java.vm.vendor" value="AdoptOpenJDK"/><property name="java.vendor.url" value="https://adoptopenjdk.net/"/><property name="path.separator" value=";"/><property name="jna.loaded" value="true"/><property name="java.vm.name" value="OpenJDK 64-Bit Server VM"/><property name="file.encoding.pkg" value="sun.io"/><property name="user.country" value="CO"/><property name="user.script" value=""/><property name="sun.java.launcher" value="SUN_STANDARD"/><property name="sun.os.patch.level" value=""/><property name="jna.nosys" value="true"/><property name="java.vm.specification.name" value="Java Virtual Machine Specification"/><property name="user.dir" value="C:\Users\ASUS\Desktop\2023-2t2-team-e7\Implementacion"/><property name="java.runtime.version" value="1.8.0_292-b10"/><property name="java.awt.graphicsenv" value="sun.awt.Win32GraphicsEnvironment"/><property name="java.endorsed.dirs" value="C:\Users\ASUS\AppData\Local\Coursier\cache\arc\https\github.com\AdoptOpenJDK\openjdk8-binaries\releases\download\jdk8u292-b10\OpenJDK8U-jdk_x64_windows_hotspot_8u292b10.zip\jdk8u292-b10\jre\lib\endorsed"/><property name="os.arch" value="amd64"/><property name="java.io.tmpdir" value="C:\Users\ASUS\AppData\Local\Temp\"/><property name="line.separator" value="
"/><property name="java.vm.specification.vendor" value="Oracle Corporation"/><property name="log4j.ignoreTCL" value="true"/><property name="user.variant" value=""/><property name="os.name" value="Windows 10"/><property name="sun.jnu.encoding" value="Cp1252"/><property name="jnidispatch.path" value="C:\Users\ASUS\AppData\Local\Temp\jna-2018896\jna8451518685255662175.dll"/><property name="java.library.path" value="C:\Users\ASUS\AppData\Local\Coursier\cache\arc\https\github.com\AdoptOpenJDK\openjdk8-binaries\releases\download\jdk8u292-b10\OpenJDK8U-jdk_x64_windows_hotspot_8u292b10.zip\jdk8u292-b10\bin;C:\WINDOWS\Sun\Java\bin;C:\WINDOWS\system32;C:\WINDOWS;C:\Users\ASUS\AppData\Local\Coursier\cache\arc\https\github.com\AdoptOpenJDK\openjdk8-binaries\releases\download\jdk8u292-b10\OpenJDK8U-jdk_x64_windows_hotspot_8u292b10.zip\jdk8u292-b10\bin;C:\Program Files\Eclipse Adoptium\jdk-17.0.8.101-hotspot\bin;C:\Windows\system32;C:\Windows;C:\Windows\System32\Wbem;C:\Windows\System32\WindowsPowerShell\v1.0\;C:\Windows\System32\OpenSSH\;C:\Program Files (x86)\NVIDIA Corporation\PhysX\Common;C:\Program Files\NVIDIA Corporation\NVIDIA NvDLISR;C:\Program Files\Git\cmd;C:\WINDOWS\system32;C:\WINDOWS;C:\WINDOWS\System32\Wbem;C:\WINDOWS\System32\WindowsPowerShell\v1.0\;C:\WINDOWS\System32\OpenSSH\;C:\Users\ASUS\AppData\Local\Microsoft\WindowsApps;;C:\Users\ASUS\AppData\Local\Coursier\cache\arc\https\github.com\AdoptOpenJDK\openjdk8-binaries\releases\download\jdk8u292-b10\OpenJDK8U-jdk_x64_windows_hotspot_8u292b10.zip\jdk8u292-b10\bin;C:\Users\ASUS\AppData\Local\Coursier\data\bin;C:\Users\ASUS\AppData\Local\Microsoft\WindowsApps;C:\Users\ASUS\AppData\Local\Programs\Microsoft VS Code\bin;."/><property name="java.specification.name" value="Java Platform API Specification"/><property name="java.class.version" value="52.0"/><property name="sbt.ipcsocket.tmpdir" value="C:\Users\ASUS\AppData\Local\Temp\.sbtafa2e572\ipcsocket"/><property name="sun.management.compiler" value="HotSpot 64-Bit Tiered Compilers"/><property name="os.version" value="10.0"/><property name="swoval.tmpdir" value="C:\Users\ASUS\AppData\Local\Temp\.sbtafa2e572\swoval"/><property name="user.home" value="C:\Users\ASUS"/><property name="user.timezone" value="America/Bogota"/><property name="java.awt.printerjob" value="sun.awt.windows.WPrinterJob"/><property name="file.encoding" value="UTF-8"/><property name="java.specification.version" value="1.8"/><property name="java.class.path" value="C:\Users\ASUS\AppData\Local\Coursier\cache\arc\https\github.com\sbt\sbt\releases\download\v1.9.3\sbt-1.9.3.zip\sbt\bin\sbt-launch.jar"/><property name="user.name" value="ASUS"/><property name="jline.shutdownhook" value="false"/><property name="java.vm.specification.version" value="1.8"/><property name="sun.java.command" value="xsbt.boot.Boot"/><property name="java.home" value="C:\Users\ASUS\AppData\Local\Coursier\cache\arc\https\github.com\AdoptOpenJDK\openjdk8-binaries\releases\download\jdk8u292-b10\OpenJDK8U-jdk_x64_windows_hotspot_8u292b10.zip\jdk8u292-b10\jre"/><property name="sun.arch.data.model" value="64"/><property name="user.language" value="es"/><property name="java.specification.vendor" value="Oracle Corporation"/><property name="awt.toolkit" value="sun.awt.windows.WToolkit"/><property name="java.vm.info" value="mixed mode"/><property name="java.version" value="1.8.0_292"/><property name="java.ext.dirs" value="C:\Users\ASUS\AppData\Local\Coursier\cache\arc\https\github.com\AdoptOpenJDK\openjdk8-binaries\releases\download\jdk8u292-b10\OpenJDK8U-jdk_x64_windows_hotspot_8u292b10.zip\jdk8u292-b10\jre\lib\ext;C:\WINDOWS\Sun\Java\lib\ext"/><property name="sun.boot.class.path" value="C:\Users\ASUS\AppData\Local\Coursier\cache\arc\https\github.com\AdoptOpenJDK\openjdk8-binaries\releases\download\jdk8u292-b10\OpenJDK8U-jdk_x64_windows_hotspot_8u292b10.zip\jdk8u292-b10\jre\lib\resources.jar;C:\Users\ASUS\AppData\Local\Coursier\cache\arc\https\github.com\AdoptOpenJDK\openjdk8-binaries\releases\download\jdk8u292-b10\OpenJDK8U-jdk_x64_windows_hotspot_8u292b10.zip\jdk8u292-b10\jre\lib\rt.jar;C:\Users\ASUS\AppData\Local\Coursier\cache\arc\https\github.com\AdoptOpenJDK\openjdk8-binaries\releases\download\jdk8u292-b10\OpenJDK8U-jdk_x64_windows_hotspot_8u292b10.zip\jdk8u292-b10\jre\lib\sunrsasign.jar;C:\Users\ASUS\AppData\Local\Coursier\cache\arc\https\github.com\AdoptOpenJDK\openjdk8-binaries\releases\download\jdk8u292-b10\OpenJDK8U-jdk_x64_windows_hotspot_8u292b10.zip\jdk8u292-b10\jre\lib\jsse.jar;C:\Users\ASUS\AppData\Local\Coursier\cache\arc\https\github.com\AdoptOpenJDK\openjdk8-binaries\releases\download\jdk8u292-b10\OpenJDK8U-jdk_x64_windows_hotspot_8u292b10.zip\jdk8u292-b10\jre\lib\jce.jar;C:\Users\ASUS\AppData\Local\Coursier\cache\arc\https\github.com\AdoptOpenJDK\openjdk8-binaries\releases\download\jdk8u292-b10\OpenJDK8U-jdk_x64_windows_hotspot_8u292b10.zip\jdk8u292-b10\jre\lib\charsets.jar;C:\Users\ASUS\AppData\Local\Coursier\cache\arc\https\github.com\AdoptOpenJDK\openjdk8-binaries\releases\download\jdk8u292-b10\OpenJDK8U-jdk_x64_windows_hotspot_8u292b10.zip\jdk8u292-b10\jre\lib\jfr.jar;C:\Users\ASUS\AppData\Local\Coursier\cache\arc\https\github.com\AdoptOpenJDK\openjdk8-binaries\releases\download\jdk8u292-b10\OpenJDK8U-jdk_x64_windows_hotspot_8u292b10.zip\jdk8u292-b10\jre\classes"/><property name="java.vendor" value="AdoptOpenJDK"/><property name="sun.stderr.encoding" value="cp850"/><property name="file.separator" value="\"/><property name="java.vendor.url.bug" value="https://github.com/AdoptOpenJDK/openjdk-support/issues"/><property name="sun.io.unicode.encoding" value="UnicodeLittle"/><property name="sun.cpu.endian" value="little"/><property name="sun.stdout.encoding" value="cp850"/><property name="sun.desktop" value="windows"/><property name="sun.cpu.isalist" value="amd64"/>
    </properties>
          <testcase classname="TestChecksumSingle" name="SingleCheckSum should calculate the correct checksum for a given data string 1 (TOY)" time="0.035">
                      
                    </testcase><testcase classname="TestChecksumSingle" name="SingleCheckSum should calculate the correct checksum for a given data string 2 (TOY)" time="0.001">
                      
                    </testcase><testcase classname="TestChecksumSingle" name="SingleCheckSum should calculate the correct checksum for a given data string 3 (TOY)" time="0.001">
                      
                    </testcase><testcase classname="TestChecksumSingle" name="SingleCheckSum should calculate the correct checksum for a given data string 4 (TOY)" time="0.001">
                      
                    </testcase><testcase classname="TestChecksumSingle" name="SingleCheckSum should calculate the correct checksum for a given data string 5 (TOY)" time="0.001">
                      
                    </testcase><testcase classname="TestChecksumSingle" name="SingleCheckSum should calculate the correct checksum for a given data string 6 (TOY)" time="0.001">
                      
                    </testcase><testcase classname="TestChecksumSingle" name="SingleCheckSum should calculate the correct checksum for a given data string 7 (TOY)" time="0.002">
                      
                    </testcase><testcase classname="TestChecksumSingle" name="SingleCheckSum should calculate the correct checksum for a given data string 8 (TOY)" time="0.002">
                      
                    </testcase><testcase classname="TestChecksumSingle" name="SingleCheckSum should calculate the correct checksum for a given data string 9 (TOY)" time="0.002">
                      
                    </testcase><testcase classname="TestChecksumSingle" name="SingleCheckSum should calculate the correct checksum for a given data string 10 (TOY)" time="0.001">
                      
                    </testcase><testcase classname="TestChecksumSingle" name="SingleCheckSum should calculate the correct checksum for a given data string 1 (PEQUEÃ‘A)" time="0.025">
                      
                    </testcase><testcase classname="TestChecksumSingle" name="SingleCheckSum should calculate the correct checksum for a given data string 2 (PEQUEÃ‘A)" time="0.004">
                      
                    </testcase><testcase classname="TestChecksumSingle" name="SingleCheckSum should calculate the correct checksum for a given data string 3 (PEQUEÃ‘A)" time="0.004">
                      
                    </testcase><testcase classname="TestChecksumSingle" name="SingleCheckSum should calculate the correct checksum for a given data string 4 (PEQUEÃ‘A)" time="0.005">
                      
                    </testcase><testcase classname="TestChecksumSingle" name="SingleCheckSum should calculate the correct checksum for a given data string 5 (PEQUEÃ‘A)" time="0.006">
                      
                    </testcase><testcase classname="TestChecksumSingle" name="SingleCheckSum should calculate the correct checksum for a given data string 6 (PEQUEÃ‘A)" time="0.006">
                      
                    </testcase><testcase classname="TestChecksumSingle" name="SingleCheckSum should calculate the correct checksum for a given data string 7 (PEQUEÃ‘A)" time="0.005">
                      
                    </testcase><testcase classname="TestChecksumSingle" name="SingleCheckSum should calculate the correct checksum for a given data string 8 (PEQUEÃ‘A)" time="0.007">
                      
                    </testcase><testcase classname="TestChecksumSingle" name="SingleCheckSum should calculate the correct checksum for a given data string 9 (PEQUEÃ‘A)" time="0.003">
                      
                    </testcase><testcase classname="TestChecksumSingle" name="SingleCheckSum should calculate the correct checksum for a given data string 10 (PEQUEÃ‘A)" time="0.004">
                      
                    </testcase><testcase classname="TestChecksumSingle" name="SingleCheckSum should calculate the correct checksum for a given data string 1 (MEDIANA)" time="0.024">
                      
                    </testcase><testcase classname="TestChecksumSingle" name="SingleCheckSum should calculate the correct checksum for a given data string 2 (MEDIANA)" time="0.04">
                      
                    </testcase><testcase classname="TestChecksumSingle" name="SingleCheckSum should calculate the correct checksum for a given data string 3 (MEDIANA)" time="0.017">
                      
                    </testcase><testcase classname="TestChecksumSingle" name="SingleCheckSum should calculate the correct checksum for a given data string 4 (MEDIANA)" time="0.02">
                      
                    </testcase><testcase classname="TestChecksumSingle" name="SingleCheckSum should calculate the correct checksum for a given data string 5 (MEDIANA)" time="0.019">
                      
                    </testcase><testcase classname="TestChecksumSingle" name="SingleCheckSum should calculate the correct checksum for a given data string 6 (MEDIANA)" time="0.023">
                      
                    </testcase><testcase classname="TestChecksumSingle" name="SingleCheckSum should calculate the correct checksum for a given data string 7 (MEDIANA)" time="0.036">
                      
                    </testcase><testcase classname="TestChecksumSingle" name="SingleCheckSum should calculate the correct checksum for a given data string 8 (MEDIANA)" time="0.018">
                      
                    </testcase><testcase classname="TestChecksumSingle" name="SingleCheckSum should calculate the correct checksum for a given data string 9 (MEDIANA)" time="0.019">
                      
                    </testcase><testcase classname="TestChecksumSingle" name="SingleCheckSum should calculate the correct checksum for a given data string 10 (MEDIANA)" time="0.019">
                      
                    </testcase><testcase classname="TestChecksumSingle" name="SingleCheckSum should calculate the correct checksum for a given data string 1 (GRANDE)" time="0.314">
                      
                    </testcase><testcase classname="TestChecksumSingle" name="SingleCheckSum should calculate the correct checksum for a given data string 2 (GRANDE)" time="0.307">
                      
                    </testcase><testcase classname="TestChecksumSingle" name="SingleCheckSum should calculate the correct checksum for a given data string 3 (GRANDE)" time="0.317">
                      
                    </testcase><testcase classname="TestChecksumSingle" name="SingleCheckSum should calculate the correct checksum for a given data string 4 (GRANDE)" time="0.303">
                      
                    </testcase><testcase classname="TestChecksumSingle" name="SingleCheckSum should calculate the correct checksum for a given data string 5 (GRANDE)" time="0.298">
                      
                    </testcase><testcase classname="TestChecksumSingle" name="SingleCheckSum should calculate the correct checksum for a given data string 6 (GRANDE)" time="0.326">
                      
                    </testcase><testcase classname="TestChecksumSingle" name="SingleCheckSum should calculate the correct checksum for a given data string 7 (GRANDE)" time="0.878">
                      
                    </testcase><testcase classname="TestChecksumSingle" name="SingleCheckSum should calculate the correct checksum for a given data string 8 (GRANDE)" time="0.253">
                      
                    </testcase><testcase classname="TestChecksumSingle" name="SingleCheckSum should calculate the correct checksum for a given data string 9 (GRANDE)" time="0.229">
                      
                    </testcase><testcase classname="TestChecksumSingle" name="SingleCheckSum should calculate the correct checksum for a given data string 10 (GRANDE)" time="0.364">
                      
                    </testcase>
          <system-out><![CDATA[]]></system-out>
          <system-err><![CDATA[]]></system-err>
        </testsuite>